
AVRASM ver. 2.1.30  C:\Users\moham\OneDrive\Documents\Bachelor's Project\aslirec\List\reci.asm Sat Aug 17 22:10:48 2024

C:\Users\moham\OneDrive\Documents\Bachelor's Project\aslirec\List\reci.asm(1088): warning: Register r4 already defined by the .DEF directive
C:\Users\moham\OneDrive\Documents\Bachelor's Project\aslirec\List\reci.asm(1089): warning: Register r5 already defined by the .DEF directive
C:\Users\moham\OneDrive\Documents\Bachelor's Project\aslirec\List\reci.asm(1090): warning: Register r7 already defined by the .DEF directive
C:\Users\moham\OneDrive\Documents\Bachelor's Project\aslirec\List\reci.asm(1091): warning: Register r6 already defined by the .DEF directive
C:\Users\moham\OneDrive\Documents\Bachelor's Project\aslirec\List\reci.asm(1092): warning: Register r9 already defined by the .DEF directive
                 
                 
                 ;CodeVisionAVR C Compiler V3.14 Advanced
                 ;(C) Copyright 1998-2014 Pavel Haiduc, HP InfoTech s.r.l.
                 ;http://www.hpinfotech.com
                 
                 ;Build configuration    : Release
                 ;Chip type              : ATmega16
                 ;Program type           : Application
                 ;Clock frequency        : 1.000000 MHz
                 ;Memory model           : Small
                 ;Optimize for           : Size
                 ;(s)printf features     : int, width
                 ;(s)scanf features      : int, width
                 ;External RAM size      : 0
                 ;Data Stack size        : 256 byte(s)
                 ;Heap size              : 0 byte(s)
                 ;Promote 'char' to 'int': Yes
                 ;'char' is unsigned     : Yes
                 ;8 bit enums            : Yes
                 ;Global 'const' stored in FLASH: No
                 ;Enhanced function parameter passing: Yes
                 ;Enhanced core instructions: On
                 ;Automatic register allocation for global variables: On
                 ;Smart register allocation: On
                 
                 	#define _MODEL_SMALL_
                 
                 	#pragma AVRPART ADMIN PART_NAME ATmega16
                 	#pragma AVRPART MEMORY PROG_FLASH 16384
                 	#pragma AVRPART MEMORY EEPROM 512
                 	#pragma AVRPART MEMORY INT_SRAM SIZE 1024
                 	#pragma AVRPART MEMORY INT_SRAM START_ADDR 0x60
                 
                 	#define CALL_SUPPORTED 1
                 
                 	.LISTMAC
                 	.EQU UDRE=0x5
                 	.EQU RXC=0x7
                 	.EQU USR=0xB
                 	.EQU UDR=0xC
                 	.EQU SPSR=0xE
                 	.EQU SPDR=0xF
                 	.EQU EERE=0x0
                 	.EQU EEWE=0x1
                 	.EQU EEMWE=0x2
                 	.EQU EECR=0x1C
                 	.EQU EEDR=0x1D
                 	.EQU EEARL=0x1E
                 	.EQU EEARH=0x1F
                 	.EQU WDTCR=0x21
                 	.EQU MCUCR=0x35
                 	.EQU GICR=0x3B
                 	.EQU SPL=0x3D
                 	.EQU SPH=0x3E
                 	.EQU SREG=0x3F
                 
                 	.DEF R0X0=R0
                 	.DEF R0X1=R1
                 	.DEF R0X2=R2
                 	.DEF R0X3=R3
                 	.DEF R0X4=R4
                 	.DEF R0X5=R5
                 	.DEF R0X6=R6
                 	.DEF R0X7=R7
                 	.DEF R0X8=R8
                 	.DEF R0X9=R9
                 	.DEF R0XA=R10
                 	.DEF R0XB=R11
                 	.DEF R0XC=R12
                 	.DEF R0XD=R13
                 	.DEF R0XE=R14
                 	.DEF R0XF=R15
                 	.DEF R0X10=R16
                 	.DEF R0X11=R17
                 	.DEF R0X12=R18
                 	.DEF R0X13=R19
                 	.DEF R0X14=R20
                 	.DEF R0X15=R21
                 	.DEF R0X16=R22
                 	.DEF R0X17=R23
                 	.DEF R0X18=R24
                 	.DEF R0X19=R25
                 	.DEF R0X1A=R26
                 	.DEF R0X1B=R27
                 	.DEF R0X1C=R28
                 	.DEF R0X1D=R29
                 	.DEF R0X1E=R30
                 	.DEF R0X1F=R31
                 
                 	.EQU __SRAM_START=0x0060
                 	.EQU __SRAM_END=0x045F
                 	.EQU __DSTACK_SIZE=0x0100
                 	.EQU __HEAP_SIZE=0x0000
                 	.EQU __CLEAR_SRAM_SIZE=__SRAM_END-__SRAM_START+1
                 
                 	.MACRO __CPD1N
                 	CPI  R30,LOW(@0)
                 	LDI  R26,HIGH(@0)
                 	CPC  R31,R26
                 	LDI  R26,BYTE3(@0)
                 	CPC  R22,R26
                 	LDI  R26,BYTE4(@0)
                 	CPC  R23,R26
                 	.ENDM
                 
                 	.MACRO __CPD2N
                 	CPI  R26,LOW(@0)
                 	LDI  R30,HIGH(@0)
                 	CPC  R27,R30
                 	LDI  R30,BYTE3(@0)
                 	CPC  R24,R30
                 	LDI  R30,BYTE4(@0)
                 	CPC  R25,R30
                 	.ENDM
                 
                 	.MACRO __CPWRR
                 	CP   R@0,R@2
                 	CPC  R@1,R@3
                 	.ENDM
                 
                 	.MACRO __CPWRN
                 	CPI  R@0,LOW(@2)
                 	LDI  R30,HIGH(@2)
                 	CPC  R@1,R30
                 	.ENDM
                 
                 	.MACRO __ADDB1MN
                 	SUBI R30,LOW(-@0-(@1))
                 	.ENDM
                 
                 	.MACRO __ADDB2MN
                 	SUBI R26,LOW(-@0-(@1))
                 	.ENDM
                 
                 	.MACRO __ADDW1MN
                 	SUBI R30,LOW(-@0-(@1))
                 	SBCI R31,HIGH(-@0-(@1))
                 	.ENDM
                 
                 	.MACRO __ADDW2MN
                 	SUBI R26,LOW(-@0-(@1))
                 	SBCI R27,HIGH(-@0-(@1))
                 	.ENDM
                 
                 	.MACRO __ADDW1FN
                 	SUBI R30,LOW(-2*@0-(@1))
                 	SBCI R31,HIGH(-2*@0-(@1))
                 	.ENDM
                 
                 	.MACRO __ADDD1FN
                 	SUBI R30,LOW(-2*@0-(@1))
                 	SBCI R31,HIGH(-2*@0-(@1))
                 	SBCI R22,BYTE3(-2*@0-(@1))
                 	.ENDM
                 
                 	.MACRO __ADDD1N
                 	SUBI R30,LOW(-@0)
                 	SBCI R31,HIGH(-@0)
                 	SBCI R22,BYTE3(-@0)
                 	SBCI R23,BYTE4(-@0)
                 	.ENDM
                 
                 	.MACRO __ADDD2N
                 	SUBI R26,LOW(-@0)
                 	SBCI R27,HIGH(-@0)
                 	SBCI R24,BYTE3(-@0)
                 	SBCI R25,BYTE4(-@0)
                 	.ENDM
                 
                 	.MACRO __SUBD1N
                 	SUBI R30,LOW(@0)
                 	SBCI R31,HIGH(@0)
                 	SBCI R22,BYTE3(@0)
                 	SBCI R23,BYTE4(@0)
                 	.ENDM
                 
                 	.MACRO __SUBD2N
                 	SUBI R26,LOW(@0)
                 	SBCI R27,HIGH(@0)
                 	SBCI R24,BYTE3(@0)
                 	SBCI R25,BYTE4(@0)
                 	.ENDM
                 
                 	.MACRO __ANDBMNN
                 	LDS  R30,@0+(@1)
                 	ANDI R30,LOW(@2)
                 	STS  @0+(@1),R30
                 	.ENDM
                 
                 	.MACRO __ANDWMNN
                 	LDS  R30,@0+(@1)
                 	ANDI R30,LOW(@2)
                 	STS  @0+(@1),R30
                 	LDS  R30,@0+(@1)+1
                 	ANDI R30,HIGH(@2)
                 	STS  @0+(@1)+1,R30
                 	.ENDM
                 
                 	.MACRO __ANDD1N
                 	ANDI R30,LOW(@0)
                 	ANDI R31,HIGH(@0)
                 	ANDI R22,BYTE3(@0)
                 	ANDI R23,BYTE4(@0)
                 	.ENDM
                 
                 	.MACRO __ANDD2N
                 	ANDI R26,LOW(@0)
                 	ANDI R27,HIGH(@0)
                 	ANDI R24,BYTE3(@0)
                 	ANDI R25,BYTE4(@0)
                 	.ENDM
                 
                 	.MACRO __ORBMNN
                 	LDS  R30,@0+(@1)
                 	ORI  R30,LOW(@2)
                 	STS  @0+(@1),R30
                 	.ENDM
                 
                 	.MACRO __ORWMNN
                 	LDS  R30,@0+(@1)
                 	ORI  R30,LOW(@2)
                 	STS  @0+(@1),R30
                 	LDS  R30,@0+(@1)+1
                 	ORI  R30,HIGH(@2)
                 	STS  @0+(@1)+1,R30
                 	.ENDM
                 
                 	.MACRO __ORD1N
                 	ORI  R30,LOW(@0)
                 	ORI  R31,HIGH(@0)
                 	ORI  R22,BYTE3(@0)
                 	ORI  R23,BYTE4(@0)
                 	.ENDM
                 
                 	.MACRO __ORD2N
                 	ORI  R26,LOW(@0)
                 	ORI  R27,HIGH(@0)
                 	ORI  R24,BYTE3(@0)
                 	ORI  R25,BYTE4(@0)
                 	.ENDM
                 
                 	.MACRO __DELAY_USB
                 	LDI  R24,LOW(@0)
                 __DELAY_USB_LOOP:
                 	DEC  R24
                 	BRNE __DELAY_USB_LOOP
                 	.ENDM
                 
                 	.MACRO __DELAY_USW
                 	LDI  R24,LOW(@0)
                 	LDI  R25,HIGH(@0)
                 __DELAY_USW_LOOP:
                 	SBIW R24,1
                 	BRNE __DELAY_USW_LOOP
                 	.ENDM
                 
                 	.MACRO __GETD1S
                 	LDD  R30,Y+@0
                 	LDD  R31,Y+@0+1
                 	LDD  R22,Y+@0+2
                 	LDD  R23,Y+@0+3
                 	.ENDM
                 
                 	.MACRO __GETD2S
                 	LDD  R26,Y+@0
                 	LDD  R27,Y+@0+1
                 	LDD  R24,Y+@0+2
                 	LDD  R25,Y+@0+3
                 	.ENDM
                 
                 	.MACRO __PUTD1S
                 	STD  Y+@0,R30
                 	STD  Y+@0+1,R31
                 	STD  Y+@0+2,R22
                 	STD  Y+@0+3,R23
                 	.ENDM
                 
                 	.MACRO __PUTD2S
                 	STD  Y+@0,R26
                 	STD  Y+@0+1,R27
                 	STD  Y+@0+2,R24
                 	STD  Y+@0+3,R25
                 	.ENDM
                 
                 	.MACRO __PUTDZ2
                 	STD  Z+@0,R26
                 	STD  Z+@0+1,R27
                 	STD  Z+@0+2,R24
                 	STD  Z+@0+3,R25
                 	.ENDM
                 
                 	.MACRO __CLRD1S
                 	STD  Y+@0,R30
                 	STD  Y+@0+1,R30
                 	STD  Y+@0+2,R30
                 	STD  Y+@0+3,R30
                 	.ENDM
                 
                 	.MACRO __POINTB1MN
                 	LDI  R30,LOW(@0+(@1))
                 	.ENDM
                 
                 	.MACRO __POINTW1MN
                 	LDI  R30,LOW(@0+(@1))
                 	LDI  R31,HIGH(@0+(@1))
                 	.ENDM
                 
                 	.MACRO __POINTD1M
                 	LDI  R30,LOW(@0)
                 	LDI  R31,HIGH(@0)
                 	LDI  R22,BYTE3(@0)
                 	LDI  R23,BYTE4(@0)
                 	.ENDM
                 
                 	.MACRO __POINTW1FN
                 	LDI  R30,LOW(2*@0+(@1))
                 	LDI  R31,HIGH(2*@0+(@1))
                 	.ENDM
                 
                 	.MACRO __POINTD1FN
                 	LDI  R30,LOW(2*@0+(@1))
                 	LDI  R31,HIGH(2*@0+(@1))
                 	LDI  R22,BYTE3(2*@0+(@1))
                 	LDI  R23,BYTE4(2*@0+(@1))
                 	.ENDM
                 
                 	.MACRO __POINTB2MN
                 	LDI  R26,LOW(@0+(@1))
                 	.ENDM
                 
                 	.MACRO __POINTW2MN
                 	LDI  R26,LOW(@0+(@1))
                 	LDI  R27,HIGH(@0+(@1))
                 	.ENDM
                 
                 	.MACRO __POINTW2FN
                 	LDI  R26,LOW(2*@0+(@1))
                 	LDI  R27,HIGH(2*@0+(@1))
                 	.ENDM
                 
                 	.MACRO __POINTD2FN
                 	LDI  R26,LOW(2*@0+(@1))
                 	LDI  R27,HIGH(2*@0+(@1))
                 	LDI  R24,BYTE3(2*@0+(@1))
                 	LDI  R25,BYTE4(2*@0+(@1))
                 	.ENDM
                 
                 	.MACRO __POINTBRM
                 	LDI  R@0,LOW(@1)
                 	.ENDM
                 
                 	.MACRO __POINTWRM
                 	LDI  R@0,LOW(@2)
                 	LDI  R@1,HIGH(@2)
                 	.ENDM
                 
                 	.MACRO __POINTBRMN
                 	LDI  R@0,LOW(@1+(@2))
                 	.ENDM
                 
                 	.MACRO __POINTWRMN
                 	LDI  R@0,LOW(@2+(@3))
                 	LDI  R@1,HIGH(@2+(@3))
                 	.ENDM
                 
                 	.MACRO __POINTWRFN
                 	LDI  R@0,LOW(@2*2+(@3))
                 	LDI  R@1,HIGH(@2*2+(@3))
                 	.ENDM
                 
                 	.MACRO __GETD1N
                 	LDI  R30,LOW(@0)
                 	LDI  R31,HIGH(@0)
                 	LDI  R22,BYTE3(@0)
                 	LDI  R23,BYTE4(@0)
                 	.ENDM
                 
                 	.MACRO __GETD2N
                 	LDI  R26,LOW(@0)
                 	LDI  R27,HIGH(@0)
                 	LDI  R24,BYTE3(@0)
                 	LDI  R25,BYTE4(@0)
                 	.ENDM
                 
                 	.MACRO __GETB1MN
                 	LDS  R30,@0+(@1)
                 	.ENDM
                 
                 	.MACRO __GETB1HMN
                 	LDS  R31,@0+(@1)
                 	.ENDM
                 
                 	.MACRO __GETW1MN
                 	LDS  R30,@0+(@1)
                 	LDS  R31,@0+(@1)+1
                 	.ENDM
                 
                 	.MACRO __GETD1MN
                 	LDS  R30,@0+(@1)
                 	LDS  R31,@0+(@1)+1
                 	LDS  R22,@0+(@1)+2
                 	LDS  R23,@0+(@1)+3
                 	.ENDM
                 
                 	.MACRO __GETBRMN
                 	LDS  R@0,@1+(@2)
                 	.ENDM
                 
                 	.MACRO __GETWRMN
                 	LDS  R@0,@2+(@3)
                 	LDS  R@1,@2+(@3)+1
                 	.ENDM
                 
                 	.MACRO __GETWRZ
                 	LDD  R@0,Z+@2
                 	LDD  R@1,Z+@2+1
                 	.ENDM
                 
                 	.MACRO __GETD2Z
                 	LDD  R26,Z+@0
                 	LDD  R27,Z+@0+1
                 	LDD  R24,Z+@0+2
                 	LDD  R25,Z+@0+3
                 	.ENDM
                 
                 	.MACRO __GETB2MN
                 	LDS  R26,@0+(@1)
                 	.ENDM
                 
                 	.MACRO __GETW2MN
                 	LDS  R26,@0+(@1)
                 	LDS  R27,@0+(@1)+1
                 	.ENDM
                 
                 	.MACRO __GETD2MN
                 	LDS  R26,@0+(@1)
                 	LDS  R27,@0+(@1)+1
                 	LDS  R24,@0+(@1)+2
                 	LDS  R25,@0+(@1)+3
                 	.ENDM
                 
                 	.MACRO __PUTB1MN
                 	STS  @0+(@1),R30
                 	.ENDM
                 
                 	.MACRO __PUTW1MN
                 	STS  @0+(@1),R30
                 	STS  @0+(@1)+1,R31
                 	.ENDM
                 
                 	.MACRO __PUTD1MN
                 	STS  @0+(@1),R30
                 	STS  @0+(@1)+1,R31
                 	STS  @0+(@1)+2,R22
                 	STS  @0+(@1)+3,R23
                 	.ENDM
                 
                 	.MACRO __PUTB1EN
                 	LDI  R26,LOW(@0+(@1))
                 	LDI  R27,HIGH(@0+(@1))
                 	CALL __EEPROMWRB
                 	.ENDM
                 
                 	.MACRO __PUTW1EN
                 	LDI  R26,LOW(@0+(@1))
                 	LDI  R27,HIGH(@0+(@1))
                 	CALL __EEPROMWRW
                 	.ENDM
                 
                 	.MACRO __PUTD1EN
                 	LDI  R26,LOW(@0+(@1))
                 	LDI  R27,HIGH(@0+(@1))
                 	CALL __EEPROMWRD
                 	.ENDM
                 
                 	.MACRO __PUTBR0MN
                 	STS  @0+(@1),R0
                 	.ENDM
                 
                 	.MACRO __PUTBMRN
                 	STS  @0+(@1),R@2
                 	.ENDM
                 
                 	.MACRO __PUTWMRN
                 	STS  @0+(@1),R@2
                 	STS  @0+(@1)+1,R@3
                 	.ENDM
                 
                 	.MACRO __PUTBZR
                 	STD  Z+@1,R@0
                 	.ENDM
                 
                 	.MACRO __PUTWZR
                 	STD  Z+@2,R@0
                 	STD  Z+@2+1,R@1
                 	.ENDM
                 
                 	.MACRO __GETW1R
                 	MOV  R30,R@0
                 	MOV  R31,R@1
                 	.ENDM
                 
                 	.MACRO __GETW2R
                 	MOV  R26,R@0
                 	MOV  R27,R@1
                 	.ENDM
                 
                 	.MACRO __GETWRN
                 	LDI  R@0,LOW(@2)
                 	LDI  R@1,HIGH(@2)
                 	.ENDM
                 
                 	.MACRO __PUTW1R
                 	MOV  R@0,R30
                 	MOV  R@1,R31
                 	.ENDM
                 
                 	.MACRO __PUTW2R
                 	MOV  R@0,R26
                 	MOV  R@1,R27
                 	.ENDM
                 
                 	.MACRO __ADDWRN
                 	SUBI R@0,LOW(-@2)
                 	SBCI R@1,HIGH(-@2)
                 	.ENDM
                 
                 	.MACRO __ADDWRR
                 	ADD  R@0,R@2
                 	ADC  R@1,R@3
                 	.ENDM
                 
                 	.MACRO __SUBWRN
                 	SUBI R@0,LOW(@2)
                 	SBCI R@1,HIGH(@2)
                 	.ENDM
                 
                 	.MACRO __SUBWRR
                 	SUB  R@0,R@2
                 	SBC  R@1,R@3
                 	.ENDM
                 
                 	.MACRO __ANDWRN
                 	ANDI R@0,LOW(@2)
                 	ANDI R@1,HIGH(@2)
                 	.ENDM
                 
                 	.MACRO __ANDWRR
                 	AND  R@0,R@2
                 	AND  R@1,R@3
                 	.ENDM
                 
                 	.MACRO __ORWRN
                 	ORI  R@0,LOW(@2)
                 	ORI  R@1,HIGH(@2)
                 	.ENDM
                 
                 	.MACRO __ORWRR
                 	OR   R@0,R@2
                 	OR   R@1,R@3
                 	.ENDM
                 
                 	.MACRO __EORWRR
                 	EOR  R@0,R@2
                 	EOR  R@1,R@3
                 	.ENDM
                 
                 	.MACRO __GETWRS
                 	LDD  R@0,Y+@2
                 	LDD  R@1,Y+@2+1
                 	.ENDM
                 
                 	.MACRO __PUTBSR
                 	STD  Y+@1,R@0
                 	.ENDM
                 
                 	.MACRO __PUTWSR
                 	STD  Y+@2,R@0
                 	STD  Y+@2+1,R@1
                 	.ENDM
                 
                 	.MACRO __MOVEWRR
                 	MOV  R@0,R@2
                 	MOV  R@1,R@3
                 	.ENDM
                 
                 	.MACRO __INWR
                 	IN   R@0,@2
                 	IN   R@1,@2+1
                 	.ENDM
                 
                 	.MACRO __OUTWR
                 	OUT  @2+1,R@1
                 	OUT  @2,R@0
                 	.ENDM
                 
                 	.MACRO __CALL1MN
                 	LDS  R30,@0+(@1)
                 	LDS  R31,@0+(@1)+1
                 	ICALL
                 	.ENDM
                 
                 	.MACRO __CALL1FN
                 	LDI  R30,LOW(2*@0+(@1))
                 	LDI  R31,HIGH(2*@0+(@1))
                 	CALL __GETW1PF
                 	ICALL
                 	.ENDM
                 
                 	.MACRO __CALL2EN
                 	PUSH R26
                 	PUSH R27
                 	LDI  R26,LOW(@0+(@1))
                 	LDI  R27,HIGH(@0+(@1))
                 	CALL __EEPROMRDW
                 	POP  R27
                 	POP  R26
                 	ICALL
                 	.ENDM
                 
                 	.MACRO __CALL2EX
                 	SUBI R26,LOW(-@0)
                 	SBCI R27,HIGH(-@0)
                 	CALL __EEPROMRDD
                 	ICALL
                 	.ENDM
                 
                 	.MACRO __GETW1STACK
                 	IN   R30,SPL
                 	IN   R31,SPH
                 	ADIW R30,@0+1
                 	LD   R0,Z+
                 	LD   R31,Z
                 	MOV  R30,R0
                 	.ENDM
                 
                 	.MACRO __GETD1STACK
                 	IN   R30,SPL
                 	IN   R31,SPH
                 	ADIW R30,@0+1
                 	LD   R0,Z+
                 	LD   R1,Z+
                 	LD   R22,Z
                 	MOVW R30,R0
                 	.ENDM
                 
                 	.MACRO __NBST
                 	BST  R@0,@1
                 	IN   R30,SREG
                 	LDI  R31,0x40
                 	EOR  R30,R31
                 	OUT  SREG,R30
                 	.ENDM
                 
                 
                 	.MACRO __PUTB1SN
                 	LDD  R26,Y+@0
                 	LDD  R27,Y+@0+1
                 	SUBI R26,LOW(-@1)
                 	SBCI R27,HIGH(-@1)
                 	ST   X,R30
                 	.ENDM
                 
                 	.MACRO __PUTW1SN
                 	LDD  R26,Y+@0
                 	LDD  R27,Y+@0+1
                 	SUBI R26,LOW(-@1)
                 	SBCI R27,HIGH(-@1)
                 	ST   X+,R30
                 	ST   X,R31
                 	.ENDM
                 
                 	.MACRO __PUTD1SN
                 	LDD  R26,Y+@0
                 	LDD  R27,Y+@0+1
                 	SUBI R26,LOW(-@1)
                 	SBCI R27,HIGH(-@1)
                 	CALL __PUTDP1
                 	.ENDM
                 
                 	.MACRO __PUTB1SNS
                 	LDD  R26,Y+@0
                 	LDD  R27,Y+@0+1
                 	ADIW R26,@1
                 	ST   X,R30
                 	.ENDM
                 
                 	.MACRO __PUTW1SNS
                 	LDD  R26,Y+@0
                 	LDD  R27,Y+@0+1
                 	ADIW R26,@1
                 	ST   X+,R30
                 	ST   X,R31
                 	.ENDM
                 
                 	.MACRO __PUTD1SNS
                 	LDD  R26,Y+@0
                 	LDD  R27,Y+@0+1
                 	ADIW R26,@1
                 	CALL __PUTDP1
                 	.ENDM
                 
                 	.MACRO __PUTB1PMN
                 	LDS  R26,@0
                 	LDS  R27,@0+1
                 	SUBI R26,LOW(-@1)
                 	SBCI R27,HIGH(-@1)
                 	ST   X,R30
                 	.ENDM
                 
                 	.MACRO __PUTW1PMN
                 	LDS  R26,@0
                 	LDS  R27,@0+1
                 	SUBI R26,LOW(-@1)
                 	SBCI R27,HIGH(-@1)
                 	ST   X+,R30
                 	ST   X,R31
                 	.ENDM
                 
                 	.MACRO __PUTD1PMN
                 	LDS  R26,@0
                 	LDS  R27,@0+1
                 	SUBI R26,LOW(-@1)
                 	SBCI R27,HIGH(-@1)
                 	CALL __PUTDP1
                 	.ENDM
                 
                 	.MACRO __PUTB1PMNS
                 	LDS  R26,@0
                 	LDS  R27,@0+1
                 	ADIW R26,@1
                 	ST   X,R30
                 	.ENDM
                 
                 	.MACRO __PUTW1PMNS
                 	LDS  R26,@0
                 	LDS  R27,@0+1
                 	ADIW R26,@1
                 	ST   X+,R30
                 	ST   X,R31
                 	.ENDM
                 
                 	.MACRO __PUTD1PMNS
                 	LDS  R26,@0
                 	LDS  R27,@0+1
                 	ADIW R26,@1
                 	CALL __PUTDP1
                 	.ENDM
                 
                 	.MACRO __PUTB1RN
                 	MOVW R26,R@0
                 	SUBI R26,LOW(-@1)
                 	SBCI R27,HIGH(-@1)
                 	ST   X,R30
                 	.ENDM
                 
                 	.MACRO __PUTW1RN
                 	MOVW R26,R@0
                 	SUBI R26,LOW(-@1)
                 	SBCI R27,HIGH(-@1)
                 	ST   X+,R30
                 	ST   X,R31
                 	.ENDM
                 
                 	.MACRO __PUTD1RN
                 	MOVW R26,R@0
                 	SUBI R26,LOW(-@1)
                 	SBCI R27,HIGH(-@1)
                 	CALL __PUTDP1
                 	.ENDM
                 
                 	.MACRO __PUTB1RNS
                 	MOVW R26,R@0
                 	ADIW R26,@1
                 	ST   X,R30
                 	.ENDM
                 
                 	.MACRO __PUTW1RNS
                 	MOVW R26,R@0
                 	ADIW R26,@1
                 	ST   X+,R30
                 	ST   X,R31
                 	.ENDM
                 
                 	.MACRO __PUTD1RNS
                 	MOVW R26,R@0
                 	ADIW R26,@1
                 	CALL __PUTDP1
                 	.ENDM
                 
                 	.MACRO __PUTB1RON
                 	MOV  R26,R@0
                 	MOV  R27,R@1
                 	SUBI R26,LOW(-@2)
                 	SBCI R27,HIGH(-@2)
                 	ST   X,R30
                 	.ENDM
                 
                 	.MACRO __PUTW1RON
                 	MOV  R26,R@0
                 	MOV  R27,R@1
                 	SUBI R26,LOW(-@2)
                 	SBCI R27,HIGH(-@2)
                 	ST   X+,R30
                 	ST   X,R31
                 	.ENDM
                 
                 	.MACRO __PUTD1RON
                 	MOV  R26,R@0
                 	MOV  R27,R@1
                 	SUBI R26,LOW(-@2)
                 	SBCI R27,HIGH(-@2)
                 	CALL __PUTDP1
                 	.ENDM
                 
                 	.MACRO __PUTB1RONS
                 	MOV  R26,R@0
                 	MOV  R27,R@1
                 	ADIW R26,@2
                 	ST   X,R30
                 	.ENDM
                 
                 	.MACRO __PUTW1RONS
                 	MOV  R26,R@0
                 	MOV  R27,R@1
                 	ADIW R26,@2
                 	ST   X+,R30
                 	ST   X,R31
                 	.ENDM
                 
                 	.MACRO __PUTD1RONS
                 	MOV  R26,R@0
                 	MOV  R27,R@1
                 	ADIW R26,@2
                 	CALL __PUTDP1
                 	.ENDM
                 
                 
                 	.MACRO __GETB1SX
                 	MOVW R30,R28
                 	SUBI R30,LOW(-@0)
                 	SBCI R31,HIGH(-@0)
                 	LD   R30,Z
                 	.ENDM
                 
                 	.MACRO __GETB1HSX
                 	MOVW R30,R28
                 	SUBI R30,LOW(-@0)
                 	SBCI R31,HIGH(-@0)
                 	LD   R31,Z
                 	.ENDM
                 
                 	.MACRO __GETW1SX
                 	MOVW R30,R28
                 	SUBI R30,LOW(-@0)
                 	SBCI R31,HIGH(-@0)
                 	LD   R0,Z+
                 	LD   R31,Z
                 	MOV  R30,R0
                 	.ENDM
                 
                 	.MACRO __GETD1SX
                 	MOVW R30,R28
                 	SUBI R30,LOW(-@0)
                 	SBCI R31,HIGH(-@0)
                 	LD   R0,Z+
                 	LD   R1,Z+
                 	LD   R22,Z+
                 	LD   R23,Z
                 	MOVW R30,R0
                 	.ENDM
                 
                 	.MACRO __GETB2SX
                 	MOVW R26,R28
                 	SUBI R26,LOW(-@0)
                 	SBCI R27,HIGH(-@0)
                 	LD   R26,X
                 	.ENDM
                 
                 	.MACRO __GETW2SX
                 	MOVW R26,R28
                 	SUBI R26,LOW(-@0)
                 	SBCI R27,HIGH(-@0)
                 	LD   R0,X+
                 	LD   R27,X
                 	MOV  R26,R0
                 	.ENDM
                 
                 	.MACRO __GETD2SX
                 	MOVW R26,R28
                 	SUBI R26,LOW(-@0)
                 	SBCI R27,HIGH(-@0)
                 	LD   R0,X+
                 	LD   R1,X+
                 	LD   R24,X+
                 	LD   R25,X
                 	MOVW R26,R0
                 	.ENDM
                 
                 	.MACRO __GETBRSX
                 	MOVW R30,R28
                 	SUBI R30,LOW(-@1)
                 	SBCI R31,HIGH(-@1)
                 	LD   R@0,Z
                 	.ENDM
                 
                 	.MACRO __GETWRSX
                 	MOVW R30,R28
                 	SUBI R30,LOW(-@2)
                 	SBCI R31,HIGH(-@2)
                 	LD   R@0,Z+
                 	LD   R@1,Z
                 	.ENDM
                 
                 	.MACRO __GETBRSX2
                 	MOVW R26,R28
                 	SUBI R26,LOW(-@1)
                 	SBCI R27,HIGH(-@1)
                 	LD   R@0,X
                 	.ENDM
                 
                 	.MACRO __GETWRSX2
                 	MOVW R26,R28
                 	SUBI R26,LOW(-@2)
                 	SBCI R27,HIGH(-@2)
                 	LD   R@0,X+
                 	LD   R@1,X
                 	.ENDM
                 
                 	.MACRO __LSLW8SX
                 	MOVW R30,R28
                 	SUBI R30,LOW(-@0)
                 	SBCI R31,HIGH(-@0)
                 	LD   R31,Z
                 	CLR  R30
                 	.ENDM
                 
                 	.MACRO __PUTB1SX
                 	MOVW R26,R28
                 	SUBI R26,LOW(-@0)
                 	SBCI R27,HIGH(-@0)
                 	ST   X,R30
                 	.ENDM
                 
                 	.MACRO __PUTW1SX
                 	MOVW R26,R28
                 	SUBI R26,LOW(-@0)
                 	SBCI R27,HIGH(-@0)
                 	ST   X+,R30
                 	ST   X,R31
                 	.ENDM
                 
                 	.MACRO __PUTD1SX
                 	MOVW R26,R28
                 	SUBI R26,LOW(-@0)
                 	SBCI R27,HIGH(-@0)
                 	ST   X+,R30
                 	ST   X+,R31
                 	ST   X+,R22
                 	ST   X,R23
                 	.ENDM
                 
                 	.MACRO __CLRW1SX
                 	MOVW R26,R28
                 	SUBI R26,LOW(-@0)
                 	SBCI R27,HIGH(-@0)
                 	ST   X+,R30
                 	ST   X,R30
                 	.ENDM
                 
                 	.MACRO __CLRD1SX
                 	MOVW R26,R28
                 	SUBI R26,LOW(-@0)
                 	SBCI R27,HIGH(-@0)
                 	ST   X+,R30
                 	ST   X+,R30
                 	ST   X+,R30
                 	ST   X,R30
                 	.ENDM
                 
                 	.MACRO __PUTB2SX
                 	MOVW R30,R28
                 	SUBI R30,LOW(-@0)
                 	SBCI R31,HIGH(-@0)
                 	ST   Z,R26
                 	.ENDM
                 
                 	.MACRO __PUTW2SX
                 	MOVW R30,R28
                 	SUBI R30,LOW(-@0)
                 	SBCI R31,HIGH(-@0)
                 	ST   Z+,R26
                 	ST   Z,R27
                 	.ENDM
                 
                 	.MACRO __PUTD2SX
                 	MOVW R30,R28
                 	SUBI R30,LOW(-@0)
                 	SBCI R31,HIGH(-@0)
                 	ST   Z+,R26
                 	ST   Z+,R27
                 	ST   Z+,R24
                 	ST   Z,R25
                 	.ENDM
                 
                 	.MACRO __PUTBSRX
                 	MOVW R30,R28
                 	SUBI R30,LOW(-@1)
                 	SBCI R31,HIGH(-@1)
                 	ST   Z,R@0
                 	.ENDM
                 
                 	.MACRO __PUTWSRX
                 	MOVW R30,R28
                 	SUBI R30,LOW(-@2)
                 	SBCI R31,HIGH(-@2)
                 	ST   Z+,R@0
                 	ST   Z,R@1
                 	.ENDM
                 
                 	.MACRO __PUTB1SNX
                 	MOVW R26,R28
                 	SUBI R26,LOW(-@0)
                 	SBCI R27,HIGH(-@0)
                 	LD   R0,X+
                 	LD   R27,X
                 	MOV  R26,R0
                 	SUBI R26,LOW(-@1)
                 	SBCI R27,HIGH(-@1)
                 	ST   X,R30
                 	.ENDM
                 
                 	.MACRO __PUTW1SNX
                 	MOVW R26,R28
                 	SUBI R26,LOW(-@0)
                 	SBCI R27,HIGH(-@0)
                 	LD   R0,X+
                 	LD   R27,X
                 	MOV  R26,R0
                 	SUBI R26,LOW(-@1)
                 	SBCI R27,HIGH(-@1)
                 	ST   X+,R30
                 	ST   X,R31
                 	.ENDM
                 
                 	.MACRO __PUTD1SNX
                 	MOVW R26,R28
                 	SUBI R26,LOW(-@0)
                 	SBCI R27,HIGH(-@0)
                 	LD   R0,X+
                 	LD   R27,X
                 	MOV  R26,R0
                 	SUBI R26,LOW(-@1)
                 	SBCI R27,HIGH(-@1)
                 	ST   X+,R30
                 	ST   X+,R31
                 	ST   X+,R22
                 	ST   X,R23
                 	.ENDM
                 
                 	.MACRO __MULBRR
                 	MULS R@0,R@1
                 	MOVW R30,R0
                 	.ENDM
                 
                 	.MACRO __MULBRRU
                 	MUL  R@0,R@1
                 	MOVW R30,R0
                 	.ENDM
                 
                 	.MACRO __MULBRR0
                 	MULS R@0,R@1
                 	.ENDM
                 
                 	.MACRO __MULBRRU0
                 	MUL  R@0,R@1
                 	.ENDM
                 
                 	.MACRO __MULBNWRU
                 	LDI  R26,@2
                 	MUL  R26,R@0
                 	MOVW R30,R0
                 	MUL  R26,R@1
                 	ADD  R31,R0
                 	.ENDM
                 
                 ;NAME DEFINITIONS FOR GLOBAL VARIABLES ALLOCATED TO REGISTERS
                 	.DEF _temper=R4
                 	.DEF _temper_msb=R5
                 	.DEF __lcd_x=R7
                 	.DEF __lcd_y=R6
                 	.DEF __lcd_maxx=R9
                 
                 	.CSEG
                 	.ORG 0x00
                 
                 ;START OF CODE MARKER
                 __START_OF_CODE:
                 
                 ;INTERRUPT VECTORS
000000 940c 0043 	JMP  __RESET
000002 940c 0000 	JMP  0x00
000004 940c 0000 	JMP  0x00
000006 940c 0000 	JMP  0x00
000008 940c 0000 	JMP  0x00
00000a 940c 0000 	JMP  0x00
00000c 940c 0000 	JMP  0x00
00000e 940c 0000 	JMP  0x00
000010 940c 0000 	JMP  0x00
000012 940c 0000 	JMP  0x00
000014 940c 0000 	JMP  0x00
000016 940c 0000 	JMP  0x00
000018 940c 0000 	JMP  0x00
00001a 940c 0000 	JMP  0x00
00001c 940c 0000 	JMP  0x00
00001e 940c 0000 	JMP  0x00
000020 940c 0000 	JMP  0x00
000022 940c 0000 	JMP  0x00
000024 940c 0000 	JMP  0x00
000026 940c 0000 	JMP  0x00
000028 940c 0000 	JMP  0x00
                 
                 _tbl10_G101:
00002a 2710
00002b 03e8
00002c 0064
00002d 000a      	.DB  0x10,0x27,0xE8,0x3,0x64,0x0,0xA,0x0
00002e 0001      	.DB  0x1,0x0
                 _tbl16_G101:
00002f 1000
000030 0100
000031 0010
000032 0001      	.DB  0x0,0x10,0x0,0x1,0x10,0x0,0x1,0x0
                 
                 ;GLOBAL REGISTER VARIABLES INITIALIZATION
                 __REG_VARS:
000033 0000      	.DB  0x0,0x0
                 
                 _0x0:
000034 6548
000035 6c6c
000036 2e6f
000037 212e      	.DB  0x48,0x65,0x6C,0x6C,0x6F,0x2E,0x2E,0x21
000038 2500
000039 2564
C:\Users\moham\OneDrive\Documents\Bachelor's Project\aslirec\List\reci.asm(1135): warning: .cseg .db misalignment - padding zero byte
00003a 0000      	.DB  0x0,0x25,0x64,0x25,0x0
                 _0x2000003:
00003b c080      	.DB  0x80,0xC0
                 
                 __GLOBAL_INI_TBL:
00003c 0002      	.DW  0x02
00003d 0004      	.DW  0x04
00003e 0066      	.DW  __REG_VARS*2
                 
00003f 0002      	.DW  0x02
000040 016a      	.DW  __base_y_G100
000041 0076      	.DW  _0x2000003*2
                 
                 _0xFFFFFFFF:
000042 0000      	.DW  0
                 
                 #define __GLOBAL_INI_TBL_PRESENT 1
                 
                 __RESET:
000043 94f8      	CLI
000044 27ee      	CLR  R30
000045 bbec      	OUT  EECR,R30
                 
                 ;INTERRUPT VECTORS ARE PLACED
                 ;AT THE START OF FLASH
000046 e0f1      	LDI  R31,1
000047 bffb      	OUT  GICR,R31
000048 bfeb      	OUT  GICR,R30
000049 bfe5      	OUT  MCUCR,R30
                 
                 ;DISABLE WATCHDOG
00004a e1f8      	LDI  R31,0x18
00004b bdf1      	OUT  WDTCR,R31
00004c bde1      	OUT  WDTCR,R30
                 
                 ;CLEAR R2-R14
00004d e08d      	LDI  R24,(14-2)+1
00004e e0a2      	LDI  R26,2
00004f 27bb      	CLR  R27
                 __CLEAR_REG:
000050 93ed      	ST   X+,R30
000051 958a      	DEC  R24
000052 f7e9      	BRNE __CLEAR_REG
                 
                 ;CLEAR SRAM
000053 e080      	LDI  R24,LOW(__CLEAR_SRAM_SIZE)
000054 e094      	LDI  R25,HIGH(__CLEAR_SRAM_SIZE)
000055 e6a0      	LDI  R26,__SRAM_START
                 __CLEAR_SRAM:
000056 93ed      	ST   X+,R30
000057 9701      	SBIW R24,1
000058 f7e9      	BRNE __CLEAR_SRAM
                 
                 ;GLOBAL VARIABLES INITIALIZATION
000059 e7e8      	LDI  R30,LOW(__GLOBAL_INI_TBL*2)
00005a e0f0      	LDI  R31,HIGH(__GLOBAL_INI_TBL*2)
                 __GLOBAL_INI_NEXT:
00005b 9185      	LPM  R24,Z+
00005c 9195      	LPM  R25,Z+
00005d 9700      	SBIW R24,0
00005e f061      	BREQ __GLOBAL_INI_END
00005f 91a5      	LPM  R26,Z+
000060 91b5      	LPM  R27,Z+
000061 9005      	LPM  R0,Z+
000062 9015      	LPM  R1,Z+
000063 01bf      	MOVW R22,R30
000064 01f0      	MOVW R30,R0
                 __GLOBAL_INI_LOOP:
000065 9005      	LPM  R0,Z+
000066 920d      	ST   X+,R0
000067 9701      	SBIW R24,1
000068 f7e1      	BRNE __GLOBAL_INI_LOOP
000069 01fb      	MOVW R30,R22
00006a cff0      	RJMP __GLOBAL_INI_NEXT
                 __GLOBAL_INI_END:
                 
                 ;HARDWARE STACK POINTER INITIALIZATION
00006b e5ef      	LDI  R30,LOW(__SRAM_END-__HEAP_SIZE)
00006c bfed      	OUT  SPL,R30
00006d e0e4      	LDI  R30,HIGH(__SRAM_END-__HEAP_SIZE)
00006e bfee      	OUT  SPH,R30
                 
                 ;DATA STACK POINTER INITIALIZATION
00006f e6c0      	LDI  R28,LOW(__SRAM_START+__DSTACK_SIZE)
000070 e0d1      	LDI  R29,HIGH(__SRAM_START+__DSTACK_SIZE)
                 
000071 940c 0073 	JMP  _main
                 
                 	.ESEG
                 	.ORG 0
                 
                 	.DSEG
                 	.ORG 0x160
                 
                 	.CSEG
                 ;/*****************************************************
                 ;This program was produced by the
                 ;CodeWizardAVR V2.05.0 Professional
                 ;Automatic Program Generator
                 ;© Copyright 1998-2010 Pavel Haiduc, HP InfoTech s.r.l.
                 ;http://www.hpinfotech.com
                 ;
                 ;Project :
                 ;Version :
                 ;Date    : 14/01/2016
                 ;Author  :
                 ;Company :
                 ;Comments:
                 ;
                 ;
                 ;Chip type               : ATmega16
                 ;Program type            : Application
                 ;AVR Core Clock frequency: 1/000000 MHz
                 ;Memory model            : Small
                 ;External RAM size       : 0
                 ;Data Stack size         : 256
                 ;*****************************************************/
                 ;
                 ;#include <mega16.h>
                 	#ifndef __SLEEP_DEFINED__
                 	#define __SLEEP_DEFINED__
                 	.EQU __se_bit=0x40
                 	.EQU __sm_mask=0xB0
                 	.EQU __sm_powerdown=0x20
                 	.EQU __sm_powersave=0x30
                 	.EQU __sm_standby=0xA0
                 	.EQU __sm_ext_standby=0xB0
                 	.EQU __sm_adc_noise_red=0x10
                 	.SET power_ctrl_reg=mcucr
                 	#endif
                 ;
                 ;// Alphanumeric LCD Module functions
                 ;#include <alcd.h>
                 ;
                 ;// Standard Input/Output functions
                 ;#include <stdio.h>
                 ;#include <delay.h>
                 ;
                 ;// Declare your global variables here
                 ;  int temper=0;
                 ;  char s[10];
                 ;void main(void)
                 ; 0000 0025 {
                 
                 	.CSEG
                 _main:
                 ; .FSTART _main
                 ; 0000 0026 // Declare your local variables here
                 ; 0000 0027 
                 ; 0000 0028 // Input/Output Ports initialization
                 ; 0000 0029 // Port A initialization
                 ; 0000 002A // Func7=In Func6=In Func5=In Func4=In Func3=In Func2=In Func1=In Func0=In
                 ; 0000 002B // State7=T State6=T State5=T State4=T State3=T State2=T State1=T State0=T
                 ; 0000 002C PORTA=0x00;
000073 e0e0      	LDI  R30,LOW(0)
000074 bbeb      	OUT  0x1B,R30
                 ; 0000 002D DDRA=0x00;
000075 bbea      	OUT  0x1A,R30
                 ; 0000 002E 
                 ; 0000 002F // Port B initialization
                 ; 0000 0030 // Func7=In Func6=In Func5=In Func4=In Func3=In Func2=In Func1=In Func0=In
                 ; 0000 0031 // State7=T State6=T State5=T State4=T State3=T State2=T State1=T State0=T
                 ; 0000 0032 PORTB=0x00;
000076 bbe8      	OUT  0x18,R30
                 ; 0000 0033 DDRB=0x00;
000077 bbe7      	OUT  0x17,R30
                 ; 0000 0034 
                 ; 0000 0035 // Port C initialization
                 ; 0000 0036 // Func7=In Func6=In Func5=In Func4=In Func3=In Func2=In Func1=In Func0=In
                 ; 0000 0037 // State7=T State6=T State5=T State4=T State3=T State2=T State1=T State0=T
                 ; 0000 0038 PORTC=0x00;
000078 bbe5      	OUT  0x15,R30
                 ; 0000 0039 DDRC=0x00;
000079 bbe4      	OUT  0x14,R30
                 ; 0000 003A 
                 ; 0000 003B // Port D initialization
                 ; 0000 003C // Func7=In Func6=In Func5=In Func4=In Func3=In Func2=In Func1=In Func0=In
                 ; 0000 003D // State7=T State6=T State5=T State4=T State3=T State2=T State1=T State0=T
                 ; 0000 003E PORTD=0x00;
00007a bbe2      	OUT  0x12,R30
                 ; 0000 003F DDRD=0x00;
00007b bbe1      	OUT  0x11,R30
                 ; 0000 0040 
                 ; 0000 0041 // Timer/Counter 0 initialization
                 ; 0000 0042 // Clock source: System Clock
                 ; 0000 0043 // Clock value: Timer 0 Stopped
                 ; 0000 0044 // Mode: Normal top=0xFF
                 ; 0000 0045 // OC0 output: Disconnected
                 ; 0000 0046 TCCR0=0x00;
00007c bfe3      	OUT  0x33,R30
                 ; 0000 0047 TCNT0=0x00;
00007d bfe2      	OUT  0x32,R30
                 ; 0000 0048 OCR0=0x00;
00007e bfec      	OUT  0x3C,R30
                 ; 0000 0049 
                 ; 0000 004A // Timer/Counter 1 initialization
                 ; 0000 004B // Clock source: System Clock
                 ; 0000 004C // Clock value: Timer1 Stopped
                 ; 0000 004D // Mode: Normal top=0xFFFF
                 ; 0000 004E // OC1A output: Discon.
                 ; 0000 004F // OC1B output: Discon.
                 ; 0000 0050 // Noise Canceler: Off
                 ; 0000 0051 // Input Capture on Falling Edge
                 ; 0000 0052 // Timer1 Overflow Interrupt: Off
                 ; 0000 0053 // Input Capture Interrupt: Off
                 ; 0000 0054 // Compare A Match Interrupt: Off
                 ; 0000 0055 // Compare B Match Interrupt: Off
                 ; 0000 0056 TCCR1A=0x00;
00007f bdef      	OUT  0x2F,R30
                 ; 0000 0057 TCCR1B=0x00;
000080 bdee      	OUT  0x2E,R30
                 ; 0000 0058 TCNT1H=0x00;
000081 bded      	OUT  0x2D,R30
                 ; 0000 0059 TCNT1L=0x00;
000082 bdec      	OUT  0x2C,R30
                 ; 0000 005A ICR1H=0x00;
000083 bde7      	OUT  0x27,R30
                 ; 0000 005B ICR1L=0x00;
000084 bde6      	OUT  0x26,R30
                 ; 0000 005C OCR1AH=0x00;
000085 bdeb      	OUT  0x2B,R30
                 ; 0000 005D OCR1AL=0x00;
000086 bdea      	OUT  0x2A,R30
                 ; 0000 005E OCR1BH=0x00;
000087 bde9      	OUT  0x29,R30
                 ; 0000 005F OCR1BL=0x00;
000088 bde8      	OUT  0x28,R30
                 ; 0000 0060 
                 ; 0000 0061 // Timer/Counter 2 initialization
                 ; 0000 0062 // Clock source: System Clock
                 ; 0000 0063 // Clock value: Timer2 Stopped
                 ; 0000 0064 // Mode: Normal top=0xFF
                 ; 0000 0065 // OC2 output: Disconnected
                 ; 0000 0066 ASSR=0x00;
000089 bde2      	OUT  0x22,R30
                 ; 0000 0067 TCCR2=0x00;
00008a bde5      	OUT  0x25,R30
                 ; 0000 0068 TCNT2=0x00;
00008b bde4      	OUT  0x24,R30
                 ; 0000 0069 OCR2=0x00;
00008c bde3      	OUT  0x23,R30
                 ; 0000 006A 
                 ; 0000 006B // External Interrupt(s) initialization
                 ; 0000 006C // INT0: Off
                 ; 0000 006D // INT1: Off
                 ; 0000 006E // INT2: Off
                 ; 0000 006F MCUCR=0x00;
00008d bfe5      	OUT  0x35,R30
                 ; 0000 0070 MCUCSR=0x00;
00008e bfe4      	OUT  0x34,R30
                 ; 0000 0071 
                 ; 0000 0072 // Timer(s)/Counter(s) Interrupt(s) initialization
                 ; 0000 0073 TIMSK=0x00;
00008f bfe9      	OUT  0x39,R30
                 ; 0000 0074 
                 ; 0000 0075 // USART initialization
                 ; 0000 0076 // Communication Parameters: 8 Data, 1 Stop, No Parity
                 ; 0000 0077 // USART Receiver: On
                 ; 0000 0078 // USART Transmitter: Off
                 ; 0000 0079 // USART Mode: Asynchronous
                 ; 0000 007A // USART Baud Rate: 9600 (Double Speed Mode)
                 ; 0000 007B UCSRA=0x02;
000090 e0e2      	LDI  R30,LOW(2)
000091 b9eb      	OUT  0xB,R30
                 ; 0000 007C UCSRB=0x10;
000092 e1e0      	LDI  R30,LOW(16)
000093 b9ea      	OUT  0xA,R30
                 ; 0000 007D UCSRC=0x86;
000094 e8e6      	LDI  R30,LOW(134)
000095 bde0      	OUT  0x20,R30
                 ; 0000 007E UBRRH=0x00;
000096 e0e0      	LDI  R30,LOW(0)
000097 bde0      	OUT  0x20,R30
                 ; 0000 007F UBRRL=0x0C;
000098 e0ec      	LDI  R30,LOW(12)
000099 b9e9      	OUT  0x9,R30
                 ; 0000 0080 
                 ; 0000 0081 // Analog Comparator initialization
                 ; 0000 0082 // Analog Comparator: Off
                 ; 0000 0083 // Analog Comparator Input Capture by Timer/Counter 1: Off
                 ; 0000 0084 ACSR=0x80;
00009a e8e0      	LDI  R30,LOW(128)
00009b b9e8      	OUT  0x8,R30
                 ; 0000 0085 SFIOR=0x00;
00009c e0e0      	LDI  R30,LOW(0)
00009d bfe0      	OUT  0x30,R30
                 ; 0000 0086 
                 ; 0000 0087 // ADC initialization
                 ; 0000 0088 // ADC disabled
                 ; 0000 0089 ADCSRA=0x00;
00009e b9e6      	OUT  0x6,R30
                 ; 0000 008A 
                 ; 0000 008B // SPI initialization
                 ; 0000 008C // SPI disabled
                 ; 0000 008D SPCR=0x00;
00009f b9ed      	OUT  0xD,R30
                 ; 0000 008E 
                 ; 0000 008F // TWI initialization
                 ; 0000 0090 // TWI disabled
                 ; 0000 0091 TWCR=0x00;
0000a0 bfe6      	OUT  0x36,R30
                 ; 0000 0092 
                 ; 0000 0093 // Alphanumeric LCD initialization
                 ; 0000 0094 // Connections specified in the
                 ; 0000 0095 // Project|Configure|C Compiler|Libraries|Alphanumeric LCD menu:
                 ; 0000 0096 // RS - PORTB Bit 0
                 ; 0000 0097 // RD - PORTB Bit 1
                 ; 0000 0098 // EN - PORTB Bit 2
                 ; 0000 0099 // D4 - PORTB Bit 4
                 ; 0000 009A // D5 - PORTB Bit 5
                 ; 0000 009B // D6 - PORTB Bit 6
                 ; 0000 009C // D7 - PORTB Bit 7
                 ; 0000 009D // Characters/line: 16
                 ; 0000 009E lcd_init(16);
0000a1 e1a0      	LDI  R26,LOW(16)
0000a2 d09c      	RCALL _lcd_init
                 ; 0000 009F lcd_clear();
0000a3 d058      	RCALL _lcd_clear
                 ; 0000 00A0 lcd_putsf("Hello..!");
                +
0000a4 e6a8     +LDI R26 , LOW ( 2 * _0x0 + ( 0 ) )
0000a5 e0b0     +LDI R27 , HIGH ( 2 * _0x0 + ( 0 ) )
                 	__POINTW2FN _0x0,0
0000a6 d085      	RCALL _lcd_putsf
                 ; 0000 00A1 delay_ms(1000);
0000a7 eea8      	LDI  R26,LOW(1000)
0000a8 e0b3      	LDI  R27,HIGH(1000)
0000a9 940e 036a 	CALL _delay_ms
                 ; 0000 00A2 lcd_clear();
0000ab d050      	RCALL _lcd_clear
                 ; 0000 00A3 
                 ; 0000 00A4 while (1)
                 _0x3:
                 ; 0000 00A5       {
                 ; 0000 00A6       // Place your code here
                 ; 0000 00A7       temper=getchar();
0000ac 940e 016c 	CALL _getchar
0000ae 2e4e      	MOV  R4,R30
0000af 2455      	CLR  R5
                 ; 0000 00A8       delay_ms(100);
0000b0 e6a4      	LDI  R26,LOW(100)
0000b1 e0b0      	LDI  R27,0
0000b2 940e 036a 	CALL _delay_ms
                 ; 0000 00A9 
                 ; 0000 00AA 
                 ; 0000 00AB       lcd_clear();
0000b4 d047      	RCALL _lcd_clear
                 ; 0000 00AC       sprintf(s,"%d%",temper);
0000b5 e6e0      	LDI  R30,LOW(_s)
0000b6 e0f1      	LDI  R31,HIGH(_s)
0000b7 93fa      	ST   -Y,R31
0000b8 93ea      	ST   -Y,R30
                +
0000b9 e7e1     +LDI R30 , LOW ( 2 * _0x0 + ( 9 ) )
0000ba e0f0     +LDI R31 , HIGH ( 2 * _0x0 + ( 9 ) )
                 	__POINTW1FN _0x0,9
0000bb 93fa      	ST   -Y,R31
0000bc 93ea      	ST   -Y,R30
0000bd 01f2      	MOVW R30,R4
0000be 940e 037c 	CALL __CWD1
0000c0 940e 0389 	CALL __PUTPARD1
0000c2 e084      	LDI  R24,4
0000c3 940e 02e4 	CALL _sprintf
0000c5 9628      	ADIW R28,8
                 ; 0000 00AD       lcd_puts(s);
0000c6 e6a0      	LDI  R26,LOW(_s)
0000c7 e0b1      	LDI  R27,HIGH(_s)
0000c8 d054      	RCALL _lcd_puts
                 ; 0000 00AE       delay_ms(500);
0000c9 efa4      	LDI  R26,LOW(500)
0000ca e0b1      	LDI  R27,HIGH(500)
0000cb 940e 036a 	CALL _delay_ms
                 ; 0000 00AF 
                 ; 0000 00B0 
                 ; 0000 00B1 
                 ; 0000 00B2       }
0000cd cfde      	RJMP _0x3
                 ; 0000 00B3 }
                 _0x6:
0000ce cfff      	RJMP _0x6
                 ; .FEND
                 	#ifndef __SLEEP_DEFINED__
                 	#endif
                 
                 	.DSEG
                 
                 	.CSEG
                 __lcd_write_nibble_G100:
                 ; .FSTART __lcd_write_nibble_G100
0000cf 93aa      	ST   -Y,R26
0000d0 b3e8      	IN   R30,0x18
0000d1 70ef      	ANDI R30,LOW(0xF)
0000d2 2fae      	MOV  R26,R30
0000d3 81e8      	LD   R30,Y
0000d4 7fe0      	ANDI R30,LOW(0xF0)
0000d5 2bea      	OR   R30,R26
0000d6 bbe8      	OUT  0x18,R30
                +
0000d7 e082     +LDI R24 , LOW ( 2 )
                +__DELAY_USB_LOOP :
0000d8 958a     +DEC R24
0000d9 f7f1     +BRNE __DELAY_USB_LOOP
                 	__DELAY_USB 2
0000da 9ac2      	SBI  0x18,2
                +
0000db e082     +LDI R24 , LOW ( 2 )
                +__DELAY_USB_LOOP :
0000dc 958a     +DEC R24
0000dd f7f1     +BRNE __DELAY_USB_LOOP
                 	__DELAY_USB 2
0000de 98c2      	CBI  0x18,2
                +
0000df e082     +LDI R24 , LOW ( 2 )
                +__DELAY_USB_LOOP :
0000e0 958a     +DEC R24
0000e1 f7f1     +BRNE __DELAY_USB_LOOP
                 	__DELAY_USB 2
0000e2 c087      	RJMP _0x2080002
                 ; .FEND
                 __lcd_write_data:
                 ; .FSTART __lcd_write_data
0000e3 93aa      	ST   -Y,R26
0000e4 81a8      	LD   R26,Y
0000e5 dfe9      	RCALL __lcd_write_nibble_G100
0000e6 81e8          ld    r30,y
0000e7 95e2          swap  r30
0000e8 83e8          st    y,r30
0000e9 81a8      	LD   R26,Y
0000ea dfe4      	RCALL __lcd_write_nibble_G100
                +
0000eb e181     +LDI R24 , LOW ( 17 )
                +__DELAY_USB_LOOP :
0000ec 958a     +DEC R24
0000ed f7f1     +BRNE __DELAY_USB_LOOP
                 	__DELAY_USB 17
0000ee c07b      	RJMP _0x2080002
                 ; .FEND
                 _lcd_gotoxy:
                 ; .FSTART _lcd_gotoxy
0000ef 93aa      	ST   -Y,R26
0000f0 81e8      	LD   R30,Y
0000f1 e0f0      	LDI  R31,0
0000f2 59e6      	SUBI R30,LOW(-__base_y_G100)
0000f3 4ffe      	SBCI R31,HIGH(-__base_y_G100)
0000f4 81e0      	LD   R30,Z
0000f5 81a9      	LDD  R26,Y+1
0000f6 0fae      	ADD  R26,R30
0000f7 dfeb      	RCALL __lcd_write_data
0000f8 8079      	LDD  R7,Y+1
0000f9 8068      	LDD  R6,Y+0
0000fa 9622      	ADIW R28,2
0000fb 9508      	RET
                 ; .FEND
                 _lcd_clear:
                 ; .FSTART _lcd_clear
0000fc e0a2      	LDI  R26,LOW(2)
0000fd 940e 0331 	CALL SUBOPT_0x0
0000ff e0ac      	LDI  R26,LOW(12)
000100 dfe2      	RCALL __lcd_write_data
000101 e0a1      	LDI  R26,LOW(1)
000102 940e 0331 	CALL SUBOPT_0x0
000104 e0e0      	LDI  R30,LOW(0)
000105 2e6e      	MOV  R6,R30
000106 2e7e      	MOV  R7,R30
000107 9508      	RET
                 ; .FEND
                 _lcd_putchar:
                 ; .FSTART _lcd_putchar
000108 93aa      	ST   -Y,R26
000109 81a8      	LD   R26,Y
00010a 30aa      	CPI  R26,LOW(0xA)
00010b f011      	BREQ _0x2000005
00010c 1479      	CP   R7,R9
00010d f048      	BRLO _0x2000004
                 _0x2000005:
00010e e0e0      	LDI  R30,LOW(0)
00010f 93ea      	ST   -Y,R30
000110 9463      	INC  R6
000111 2da6      	MOV  R26,R6
000112 dfdc      	RCALL _lcd_gotoxy
000113 81a8      	LD   R26,Y
000114 30aa      	CPI  R26,LOW(0xA)
000115 f409      	BRNE _0x2000007
000116 c053      	RJMP _0x2080002
                 _0x2000007:
                 _0x2000004:
000117 9473      	INC  R7
000118 9ac0      	SBI  0x18,0
000119 81a8      	LD   R26,Y
00011a dfc8      	RCALL __lcd_write_data
00011b 98c0      	CBI  0x18,0
00011c c04d      	RJMP _0x2080002
                 ; .FEND
                 _lcd_puts:
                 ; .FSTART _lcd_puts
00011d 93ba      	ST   -Y,R27
00011e 93aa      	ST   -Y,R26
00011f 931a      	ST   -Y,R17
                 _0x2000008:
000120 81a9      	LDD  R26,Y+1
000121 81ba      	LDD  R27,Y+1+1
000122 91ed      	LD   R30,X+
000123 83a9      	STD  Y+1,R26
000124 83ba      	STD  Y+1+1,R27
000125 2f1e      	MOV  R17,R30
000126 30e0      	CPI  R30,0
000127 f019      	BREQ _0x200000A
000128 2fa1      	MOV  R26,R17
000129 dfde      	RCALL _lcd_putchar
00012a cff5      	RJMP _0x2000008
                 _0x200000A:
00012b c010      	RJMP _0x2080003
                 ; .FEND
                 _lcd_putsf:
                 ; .FSTART _lcd_putsf
00012c 93ba      	ST   -Y,R27
00012d 93aa      	ST   -Y,R26
00012e 931a      	ST   -Y,R17
                 _0x200000B:
00012f 81e9      	LDD  R30,Y+1
000130 81fa      	LDD  R31,Y+1+1
000131 9631      	ADIW R30,1
000132 83e9      	STD  Y+1,R30
000133 83fa      	STD  Y+1+1,R31
000134 9731      	SBIW R30,1
000135 91e4      	LPM  R30,Z
000136 2f1e      	MOV  R17,R30
000137 30e0      	CPI  R30,0
000138 f019      	BREQ _0x200000D
000139 2fa1      	MOV  R26,R17
00013a dfcd      	RCALL _lcd_putchar
00013b cff3      	RJMP _0x200000B
                 _0x200000D:
                 _0x2080003:
00013c 8118      	LDD  R17,Y+0
00013d 9623      	ADIW R28,3
00013e 9508      	RET
                 ; .FEND
                 _lcd_init:
                 ; .FSTART _lcd_init
00013f 93aa      	ST   -Y,R26
000140 b3e7      	IN   R30,0x17
000141 6fe0      	ORI  R30,LOW(0xF0)
000142 bbe7      	OUT  0x17,R30
000143 9aba      	SBI  0x17,2
000144 9ab8      	SBI  0x17,0
000145 9ab9      	SBI  0x17,1
000146 98c2      	CBI  0x18,2
000147 98c0      	CBI  0x18,0
000148 98c1      	CBI  0x18,1
000149 8098      	LDD  R9,Y+0
00014a 81e8      	LD   R30,Y
00014b 58e0      	SUBI R30,-LOW(128)
                +
00014c 93e0 016c+STS __base_y_G100 + ( 2 ) , R30
                 	__PUTB1MN __base_y_G100,2
00014e 81e8      	LD   R30,Y
00014f 54e0      	SUBI R30,-LOW(192)
                +
000150 93e0 016d+STS __base_y_G100 + ( 3 ) , R30
                 	__PUTB1MN __base_y_G100,3
000152 e1a4      	LDI  R26,LOW(20)
000153 e0b0      	LDI  R27,0
000154 940e 036a 	CALL _delay_ms
000156 940e 0337 	CALL SUBOPT_0x1
000158 940e 0337 	CALL SUBOPT_0x1
00015a 940e 0337 	CALL SUBOPT_0x1
00015c e2a0      	LDI  R26,LOW(32)
00015d df71      	RCALL __lcd_write_nibble_G100
                +
00015e e281     +LDI R24 , LOW ( 33 )
                +__DELAY_USB_LOOP :
00015f 958a     +DEC R24
000160 f7f1     +BRNE __DELAY_USB_LOOP
                 	__DELAY_USB 33
000161 e2a8      	LDI  R26,LOW(40)
000162 df80      	RCALL __lcd_write_data
000163 e0a4      	LDI  R26,LOW(4)
000164 df7e      	RCALL __lcd_write_data
000165 e8a5      	LDI  R26,LOW(133)
000166 df7c      	RCALL __lcd_write_data
000167 e0a6      	LDI  R26,LOW(6)
000168 df7a      	RCALL __lcd_write_data
000169 df92      	RCALL _lcd_clear
                 _0x2080002:
00016a 9621      	ADIW R28,1
00016b 9508      	RET
                 ; .FEND
                 	#ifndef __SLEEP_DEFINED__
                 	#endif
                 
                 	.CSEG
                 _getchar:
                 ; .FSTART _getchar
                 getchar0:
00016c 9b5f           sbis usr,rxc
00016d cffe           rjmp getchar0
00016e b1ec           in   r30,udr
00016f 9508      	RET
                 ; .FEND
                 _put_buff_G101:
                 ; .FSTART _put_buff_G101
000170 93ba      	ST   -Y,R27
000171 93aa      	ST   -Y,R26
000172 931a      	ST   -Y,R17
000173 930a      	ST   -Y,R16
000174 81aa      	LDD  R26,Y+2
000175 81bb      	LDD  R27,Y+2+1
000176 9612      	ADIW R26,2
000177 940e 0381 	CALL __GETW1P
000179 9730      	SBIW R30,0
00017a f159      	BREQ _0x2020010
00017b 81aa      	LDD  R26,Y+2
00017c 81bb      	LDD  R27,Y+2+1
00017d 9614      	ADIW R26,4
00017e 940e 0381 	CALL __GETW1P
000180 018f      	MOVW R16,R30
000181 9730      	SBIW R30,0
000182 f061      	BREQ _0x2020012
                +
000183 3002     +CPI R16 , LOW ( 2 )
000184 e0e0     +LDI R30 , HIGH ( 2 )
000185 071e     +CPC R17 , R30
                 	__CPWRN 16,17,2
000186 f098      	BRLO _0x2020013
000187 01f8      	MOVW R30,R16
000188 9731      	SBIW R30,1
000189 018f      	MOVW R16,R30
                +
00018a 81aa     +LDD R26 , Y + 2
00018b 81bb     +LDD R27 , Y + 2 + 1
00018c 9614     +ADIW R26 , 4
00018d 93ed     +ST X + , R30
00018e 93fc     +ST X , R31
                 	__PUTW1SNS 2,4
                 _0x2020012:
00018f 81aa      	LDD  R26,Y+2
000190 81bb      	LDD  R27,Y+2+1
000191 9612      	ADIW R26,2
000192 91ed      	LD   R30,X+
000193 91fd      	LD   R31,X+
000194 9631      	ADIW R30,1
000195 93fe      	ST   -X,R31
000196 93ee      	ST   -X,R30
000197 9731      	SBIW R30,1
000198 81ac      	LDD  R26,Y+4
000199 83a0      	STD  Z+0,R26
                 _0x2020013:
00019a 81aa      	LDD  R26,Y+2
00019b 81bb      	LDD  R27,Y+2+1
00019c 940e 0381 	CALL __GETW1P
00019e 23ff      	TST  R31
00019f f02a      	BRMI _0x2020014
0001a0 91ed      	LD   R30,X+
0001a1 91fd      	LD   R31,X+
0001a2 9631      	ADIW R30,1
0001a3 93fe      	ST   -X,R31
0001a4 93ee      	ST   -X,R30
                 _0x2020014:
0001a5 c006      	RJMP _0x2020015
                 _0x2020010:
0001a6 81aa      	LDD  R26,Y+2
0001a7 81bb      	LDD  R27,Y+2+1
0001a8 efef      	LDI  R30,LOW(65535)
0001a9 efff      	LDI  R31,HIGH(65535)
0001aa 93ed      	ST   X+,R30
0001ab 93fc      	ST   X,R31
                 _0x2020015:
0001ac 8119      	LDD  R17,Y+1
0001ad 8108      	LDD  R16,Y+0
0001ae 9625      	ADIW R28,5
0001af 9508      	RET
                 ; .FEND
                 __print_G101:
                 ; .FSTART __print_G101
0001b0 93ba      	ST   -Y,R27
0001b1 93aa      	ST   -Y,R26
0001b2 9726      	SBIW R28,6
0001b3 940e 038e 	CALL __SAVELOCR6
0001b5 e010      	LDI  R17,0
0001b6 85ac      	LDD  R26,Y+12
0001b7 85bd      	LDD  R27,Y+12+1
0001b8 e0e0      	LDI  R30,LOW(0)
0001b9 e0f0      	LDI  R31,HIGH(0)
0001ba 93ed      	ST   X+,R30
0001bb 93fc      	ST   X,R31
                 _0x2020016:
0001bc 89ea      	LDD  R30,Y+18
0001bd 89fb      	LDD  R31,Y+18+1
0001be 9631      	ADIW R30,1
0001bf 8bea      	STD  Y+18,R30
0001c0 8bfb      	STD  Y+18+1,R31
0001c1 9731      	SBIW R30,1
0001c2 91e4      	LPM  R30,Z
0001c3 2f2e      	MOV  R18,R30
0001c4 30e0      	CPI  R30,0
0001c5 f409      	BRNE PC+2
0001c6 c115      	RJMP _0x2020018
0001c7 2fe1      	MOV  R30,R17
0001c8 30e0      	CPI  R30,0
0001c9 f439      	BRNE _0x202001C
0001ca 3225      	CPI  R18,37
0001cb f411      	BRNE _0x202001D
0001cc e011      	LDI  R17,LOW(1)
0001cd c002      	RJMP _0x202001E
                 _0x202001D:
0001ce 940e 033e 	CALL SUBOPT_0x2
                 _0x202001E:
0001d0 c10a      	RJMP _0x202001B
                 _0x202001C:
0001d1 30e1      	CPI  R30,LOW(0x1)
0001d2 f4a9      	BRNE _0x202001F
0001d3 3225      	CPI  R18,37
0001d4 f419      	BRNE _0x2020020
0001d5 940e 033e 	CALL SUBOPT_0x2
0001d7 c102      	RJMP _0x20200CC
                 _0x2020020:
0001d8 e012      	LDI  R17,LOW(2)
0001d9 e040      	LDI  R20,LOW(0)
0001da e000      	LDI  R16,LOW(0)
0001db 322d      	CPI  R18,45
0001dc f411      	BRNE _0x2020021
0001dd e001      	LDI  R16,LOW(1)
0001de c0fc      	RJMP _0x202001B
                 _0x2020021:
0001df 322b      	CPI  R18,43
0001e0 f411      	BRNE _0x2020022
0001e1 e24b      	LDI  R20,LOW(43)
0001e2 c0f8      	RJMP _0x202001B
                 _0x2020022:
0001e3 3220      	CPI  R18,32
0001e4 f411      	BRNE _0x2020023
0001e5 e240      	LDI  R20,LOW(32)
0001e6 c0f4      	RJMP _0x202001B
                 _0x2020023:
0001e7 c002      	RJMP _0x2020024
                 _0x202001F:
0001e8 30e2      	CPI  R30,LOW(0x2)
0001e9 f439      	BRNE _0x2020025
                 _0x2020024:
0001ea e050      	LDI  R21,LOW(0)
0001eb e013      	LDI  R17,LOW(3)
0001ec 3320      	CPI  R18,48
0001ed f411      	BRNE _0x2020026
0001ee 6800      	ORI  R16,LOW(128)
0001ef c0eb      	RJMP _0x202001B
                 _0x2020026:
0001f0 c003      	RJMP _0x2020027
                 _0x2020025:
0001f1 30e3      	CPI  R30,LOW(0x3)
0001f2 f009      	BREQ PC+2
0001f3 c0e7      	RJMP _0x202001B
                 _0x2020027:
0001f4 3320      	CPI  R18,48
0001f5 f010      	BRLO _0x202002A
0001f6 332a      	CPI  R18,58
0001f7 f008      	BRLO _0x202002B
                 _0x202002A:
0001f8 c007      	RJMP _0x2020029
                 _0x202002B:
0001f9 e0aa      	LDI  R26,LOW(10)
0001fa 9f5a      	MUL  R21,R26
0001fb 2d50      	MOV  R21,R0
0001fc 2fe2      	MOV  R30,R18
0001fd 53e0      	SUBI R30,LOW(48)
0001fe 0f5e      	ADD  R21,R30
0001ff c0db      	RJMP _0x202001B
                 _0x2020029:
000200 2fe2      	MOV  R30,R18
000201 36e3      	CPI  R30,LOW(0x63)
000202 f449      	BRNE _0x202002F
000203 940e 0345 	CALL SUBOPT_0x3
000205 89e8      	LDD  R30,Y+16
000206 89f9      	LDD  R31,Y+16+1
000207 81a4      	LDD  R26,Z+4
000208 93aa      	ST   -Y,R26
000209 940e 034b 	CALL SUBOPT_0x4
00020b c0ce      	RJMP _0x2020030
                 _0x202002F:
00020c 37e3      	CPI  R30,LOW(0x73)
00020d f441      	BRNE _0x2020032
00020e 940e 0345 	CALL SUBOPT_0x3
000210 940e 0351 	CALL SUBOPT_0x5
000212 940e 0318 	CALL _strlen
000214 2f1e      	MOV  R17,R30
000215 c00a      	RJMP _0x2020033
                 _0x2020032:
000216 37e0      	CPI  R30,LOW(0x70)
000217 f461      	BRNE _0x2020035
000218 940e 0345 	CALL SUBOPT_0x3
00021a 940e 0351 	CALL SUBOPT_0x5
00021c 940e 0324 	CALL _strlenf
00021e 2f1e      	MOV  R17,R30
00021f 6008      	ORI  R16,LOW(8)
                 _0x2020033:
000220 6002      	ORI  R16,LOW(2)
000221 770f      	ANDI R16,LOW(127)
000222 e030      	LDI  R19,LOW(0)
000223 c034      	RJMP _0x2020036
                 _0x2020035:
000224 36e4      	CPI  R30,LOW(0x64)
000225 f011      	BREQ _0x2020039
000226 36e9      	CPI  R30,LOW(0x69)
000227 f411      	BRNE _0x202003A
                 _0x2020039:
000228 6004      	ORI  R16,LOW(4)
000229 c002      	RJMP _0x202003B
                 _0x202003A:
00022a 37e5      	CPI  R30,LOW(0x75)
00022b f431      	BRNE _0x202003C
                 _0x202003B:
00022c e5e4      	LDI  R30,LOW(_tbl10_G101*2)
00022d e0f0      	LDI  R31,HIGH(_tbl10_G101*2)
00022e 83ee      	STD  Y+6,R30
00022f 83ff      	STD  Y+6+1,R31
000230 e015      	LDI  R17,LOW(5)
000231 c00c      	RJMP _0x202003D
                 _0x202003C:
000232 35e8      	CPI  R30,LOW(0x58)
000233 f411      	BRNE _0x202003F
000234 6008      	ORI  R16,LOW(8)
000235 c003      	RJMP _0x2020040
                 _0x202003F:
000236 37e8      	CPI  R30,LOW(0x78)
000237 f009      	BREQ PC+2
000238 c0a1      	RJMP _0x2020071
                 _0x2020040:
000239 e5ee      	LDI  R30,LOW(_tbl16_G101*2)
00023a e0f0      	LDI  R31,HIGH(_tbl16_G101*2)
00023b 83ee      	STD  Y+6,R30
00023c 83ff      	STD  Y+6+1,R31
00023d e014      	LDI  R17,LOW(4)
                 _0x202003D:
00023e ff02      	SBRS R16,2
00023f c014      	RJMP _0x2020042
000240 940e 0345 	CALL SUBOPT_0x3
000242 940e 035b 	CALL SUBOPT_0x6
000244 85ab      	LDD  R26,Y+11
000245 23aa      	TST  R26
000246 f43a      	BRPL _0x2020043
000247 85ea      	LDD  R30,Y+10
000248 85fb      	LDD  R31,Y+10+1
000249 940e 0378 	CALL __ANEGW1
00024b 87ea      	STD  Y+10,R30
00024c 87fb      	STD  Y+10+1,R31
00024d e24d      	LDI  R20,LOW(45)
                 _0x2020043:
00024e 3040      	CPI  R20,0
00024f f011      	BREQ _0x2020044
000250 5f1f      	SUBI R17,-LOW(1)
000251 c001      	RJMP _0x2020045
                 _0x2020044:
000252 7f0b      	ANDI R16,LOW(251)
                 _0x2020045:
000253 c004      	RJMP _0x2020046
                 _0x2020042:
000254 940e 0345 	CALL SUBOPT_0x3
000256 940e 035b 	CALL SUBOPT_0x6
                 _0x2020046:
                 _0x2020036:
000258 fd00      	SBRC R16,0
000259 c011      	RJMP _0x2020047
                 _0x2020048:
00025a 1715      	CP   R17,R21
00025b f478      	BRSH _0x202004A
00025c ff07      	SBRS R16,7
00025d c008      	RJMP _0x202004B
00025e ff02      	SBRS R16,2
00025f c004      	RJMP _0x202004C
000260 7f0b      	ANDI R16,LOW(251)
000261 2f24      	MOV  R18,R20
000262 5011      	SUBI R17,LOW(1)
000263 c001      	RJMP _0x202004D
                 _0x202004C:
000264 e320      	LDI  R18,LOW(48)
                 _0x202004D:
000265 c001      	RJMP _0x202004E
                 _0x202004B:
000266 e220      	LDI  R18,LOW(32)
                 _0x202004E:
000267 940e 033e 	CALL SUBOPT_0x2
000269 5051      	SUBI R21,LOW(1)
00026a cfef      	RJMP _0x2020048
                 _0x202004A:
                 _0x2020047:
00026b 2f31      	MOV  R19,R17
00026c ff01      	SBRS R16,1
00026d c017      	RJMP _0x202004F
                 _0x2020050:
00026e 3030      	CPI  R19,0
00026f f0a1      	BREQ _0x2020052
000270 ff03      	SBRS R16,3
000271 c006      	RJMP _0x2020053
000272 81ee      	LDD  R30,Y+6
000273 81ff      	LDD  R31,Y+6+1
000274 9125      	LPM  R18,Z+
000275 83ee      	STD  Y+6,R30
000276 83ff      	STD  Y+6+1,R31
000277 c005      	RJMP _0x2020054
                 _0x2020053:
000278 81ae      	LDD  R26,Y+6
000279 81bf      	LDD  R27,Y+6+1
00027a 912d      	LD   R18,X+
00027b 83ae      	STD  Y+6,R26
00027c 83bf      	STD  Y+6+1,R27
                 _0x2020054:
00027d 940e 033e 	CALL SUBOPT_0x2
00027f 3050      	CPI  R21,0
000280 f009      	BREQ _0x2020055
000281 5051      	SUBI R21,LOW(1)
                 _0x2020055:
000282 5031      	SUBI R19,LOW(1)
000283 cfea      	RJMP _0x2020050
                 _0x2020052:
000284 c04b      	RJMP _0x2020056
                 _0x202004F:
                 _0x2020058:
000285 e320      	LDI  R18,LOW(48)
000286 81ee      	LDD  R30,Y+6
000287 81ff      	LDD  R31,Y+6+1
000288 940e 0385 	CALL __GETW1PF
00028a 87e8      	STD  Y+8,R30
00028b 87f9      	STD  Y+8+1,R31
00028c 81ee      	LDD  R30,Y+6
00028d 81ff      	LDD  R31,Y+6+1
00028e 9632      	ADIW R30,2
00028f 83ee      	STD  Y+6,R30
000290 83ff      	STD  Y+6+1,R31
                 _0x202005A:
000291 85e8      	LDD  R30,Y+8
000292 85f9      	LDD  R31,Y+8+1
000293 85aa      	LDD  R26,Y+10
000294 85bb      	LDD  R27,Y+10+1
000295 17ae      	CP   R26,R30
000296 07bf      	CPC  R27,R31
000297 f050      	BRLO _0x202005C
000298 5f2f      	SUBI R18,-LOW(1)
000299 85a8      	LDD  R26,Y+8
00029a 85b9      	LDD  R27,Y+8+1
00029b 85ea      	LDD  R30,Y+10
00029c 85fb      	LDD  R31,Y+10+1
00029d 1bea      	SUB  R30,R26
00029e 0bfb      	SBC  R31,R27
00029f 87ea      	STD  Y+10,R30
0002a0 87fb      	STD  Y+10+1,R31
0002a1 cfef      	RJMP _0x202005A
                 _0x202005C:
0002a2 332a      	CPI  R18,58
0002a3 f028      	BRLO _0x202005D
0002a4 ff03      	SBRS R16,3
0002a5 c002      	RJMP _0x202005E
0002a6 5f29      	SUBI R18,-LOW(7)
0002a7 c001      	RJMP _0x202005F
                 _0x202005E:
0002a8 5d29      	SUBI R18,-LOW(39)
                 _0x202005F:
                 _0x202005D:
0002a9 fd04      	SBRC R16,4
0002aa c01a      	RJMP _0x2020061
0002ab 3321      	CPI  R18,49
0002ac f420      	BRSH _0x2020063
0002ad 85a8      	LDD  R26,Y+8
0002ae 85b9      	LDD  R27,Y+8+1
0002af 9711      	SBIW R26,1
0002b0 f409      	BRNE _0x2020062
                 _0x2020063:
0002b1 c009      	RJMP _0x20200CD
                 _0x2020062:
0002b2 1753      	CP   R21,R19
0002b3 f010      	BRLO _0x2020067
0002b4 ff00      	SBRS R16,0
0002b5 c001      	RJMP _0x2020068
                 _0x2020067:
0002b6 c013      	RJMP _0x2020066
                 _0x2020068:
0002b7 e220      	LDI  R18,LOW(32)
0002b8 ff07      	SBRS R16,7
0002b9 c00b      	RJMP _0x2020069
0002ba e320      	LDI  R18,LOW(48)
                 _0x20200CD:
0002bb 6100      	ORI  R16,LOW(16)
0002bc ff02      	SBRS R16,2
0002bd c007      	RJMP _0x202006A
0002be 7f0b      	ANDI R16,LOW(251)
0002bf 934a      	ST   -Y,R20
0002c0 940e 034b 	CALL SUBOPT_0x4
0002c2 3050      	CPI  R21,0
0002c3 f009      	BREQ _0x202006B
0002c4 5051      	SUBI R21,LOW(1)
                 _0x202006B:
                 _0x202006A:
                 _0x2020069:
                 _0x2020061:
0002c5 940e 033e 	CALL SUBOPT_0x2
0002c7 3050      	CPI  R21,0
0002c8 f009      	BREQ _0x202006C
0002c9 5051      	SUBI R21,LOW(1)
                 _0x202006C:
                 _0x2020066:
0002ca 5031      	SUBI R19,LOW(1)
0002cb 85a8      	LDD  R26,Y+8
0002cc 85b9      	LDD  R27,Y+8+1
0002cd 9712      	SBIW R26,2
0002ce f008      	BRLO _0x2020059
0002cf cfb5      	RJMP _0x2020058
                 _0x2020059:
                 _0x2020056:
0002d0 ff00      	SBRS R16,0
0002d1 c008      	RJMP _0x202006D
                 _0x202006E:
0002d2 3050      	CPI  R21,0
0002d3 f031      	BREQ _0x2020070
0002d4 5051      	SUBI R21,LOW(1)
0002d5 e2e0      	LDI  R30,LOW(32)
0002d6 93ea      	ST   -Y,R30
0002d7 940e 034b 	CALL SUBOPT_0x4
0002d9 cff8      	RJMP _0x202006E
                 _0x2020070:
                 _0x202006D:
                 _0x2020071:
                 _0x2020030:
                 _0x20200CC:
0002da e010      	LDI  R17,LOW(0)
                 _0x202001B:
0002db cee0      	RJMP _0x2020016
                 _0x2020018:
0002dc 85ac      	LDD  R26,Y+12
0002dd 85bd      	LDD  R27,Y+12+1
0002de 940e 0381 	CALL __GETW1P
0002e0 940e 0395 	CALL __LOADLOCR6
0002e2 9664      	ADIW R28,20
0002e3 9508      	RET
                 ; .FEND
                 _sprintf:
                 ; .FSTART _sprintf
0002e4 92ff      	PUSH R15
0002e5 2ef8      	MOV  R15,R24
0002e6 9726      	SBIW R28,6
0002e7 940e 0390 	CALL __SAVELOCR4
0002e9 940e 0363 	CALL SUBOPT_0x7
0002eb 9730      	SBIW R30,0
0002ec f419      	BRNE _0x2020072
0002ed efef      	LDI  R30,LOW(65535)
0002ee efff      	LDI  R31,HIGH(65535)
0002ef c023      	RJMP _0x2080001
                 _0x2020072:
0002f0 01de      	MOVW R26,R28
0002f1 9616      	ADIW R26,6
0002f2 940e 0374 	CALL __ADDW2R15
0002f4 018d      	MOVW R16,R26
0002f5 940e 0363 	CALL SUBOPT_0x7
0002f7 83ee      	STD  Y+6,R30
0002f8 83ff      	STD  Y+6+1,R31
0002f9 e0e0      	LDI  R30,LOW(0)
0002fa 87e8      	STD  Y+8,R30
0002fb 87e9      	STD  Y+8+1,R30
0002fc 01de      	MOVW R26,R28
0002fd 961a      	ADIW R26,10
0002fe 940e 0374 	CALL __ADDW2R15
000300 940e 0381 	CALL __GETW1P
000302 93fa      	ST   -Y,R31
000303 93ea      	ST   -Y,R30
000304 931a      	ST   -Y,R17
000305 930a      	ST   -Y,R16
000306 e7e0      	LDI  R30,LOW(_put_buff_G101)
000307 e0f1      	LDI  R31,HIGH(_put_buff_G101)
000308 93fa      	ST   -Y,R31
000309 93ea      	ST   -Y,R30
00030a 01de      	MOVW R26,R28
00030b 961a      	ADIW R26,10
00030c dea3      	RCALL __print_G101
00030d 019f      	MOVW R18,R30
00030e 81ae      	LDD  R26,Y+6
00030f 81bf      	LDD  R27,Y+6+1
000310 e0e0      	LDI  R30,LOW(0)
000311 93ec      	ST   X,R30
000312 01f9      	MOVW R30,R18
                 _0x2080001:
000313 940e 0397 	CALL __LOADLOCR4
000315 962a      	ADIW R28,10
000316 90ff      	POP  R15
000317 9508      	RET
                 ; .FEND
                 
                 	.CSEG
                 
                 	.CSEG
                 _strlen:
                 ; .FSTART _strlen
000318 93ba      	ST   -Y,R27
000319 93aa      	ST   -Y,R26
00031a 91a9          ld   r26,y+
00031b 91b9          ld   r27,y+
00031c 27ee          clr  r30
00031d 27ff          clr  r31
                 strlen0:
00031e 916d          ld   r22,x+
00031f 2366          tst  r22
000320 f011          breq strlen1
000321 9631          adiw r30,1
000322 cffb          rjmp strlen0
                 strlen1:
000323 9508          ret
                 ; .FEND
                 _strlenf:
                 ; .FSTART _strlenf
000324 93ba      	ST   -Y,R27
000325 93aa      	ST   -Y,R26
000326 27aa          clr  r26
000327 27bb          clr  r27
000328 91e9          ld   r30,y+
000329 91f9          ld   r31,y+
                 strlenf0:
00032a 9005      	lpm  r0,z+
00032b 2000          tst  r0
00032c f011          breq strlenf1
00032d 9611          adiw r26,1
00032e cffb          rjmp strlenf0
                 strlenf1:
00032f 01fd          movw r30,r26
000330 9508          ret
                 ; .FEND
                 
                 	.DSEG
                 _s:
000160           	.BYTE 0xA
                 __base_y_G100:
00016a           	.BYTE 0x4
                 
                 	.CSEG
                 ;OPTIMIZER ADDED SUBROUTINE, CALLED 2 TIMES, CODE SIZE REDUCTION:1 WORDS
                 SUBOPT_0x0:
000331 940e 00e3 	CALL __lcd_write_data
000333 e0a3      	LDI  R26,LOW(3)
000334 e0b0      	LDI  R27,0
000335 940c 036a 	JMP  _delay_ms
                 
                 ;OPTIMIZER ADDED SUBROUTINE, CALLED 3 TIMES, CODE SIZE REDUCTION:5 WORDS
                 SUBOPT_0x1:
000337 e3a0      	LDI  R26,LOW(48)
000338 940e 00cf 	CALL __lcd_write_nibble_G100
                +
00033a e281     +LDI R24 , LOW ( 33 )
                +__DELAY_USB_LOOP :
00033b 958a     +DEC R24
00033c f7f1     +BRNE __DELAY_USB_LOOP
                 	__DELAY_USB 33
00033d 9508      	RET
                 
                 ;OPTIMIZER ADDED SUBROUTINE, CALLED 5 TIMES, CODE SIZE REDUCTION:13 WORDS
                 SUBOPT_0x2:
00033e 932a      	ST   -Y,R18
00033f 85ad      	LDD  R26,Y+13
000340 85be      	LDD  R27,Y+13+1
000341 85ef      	LDD  R30,Y+15
000342 89f8      	LDD  R31,Y+15+1
000343 9509      	ICALL
000344 9508      	RET
                 
                 ;OPTIMIZER ADDED SUBROUTINE, CALLED 5 TIMES, CODE SIZE REDUCTION:9 WORDS
                 SUBOPT_0x3:
000345 89e8      	LDD  R30,Y+16
000346 89f9      	LDD  R31,Y+16+1
000347 9734      	SBIW R30,4
000348 8be8      	STD  Y+16,R30
000349 8bf9      	STD  Y+16+1,R31
00034a 9508      	RET
                 
                 ;OPTIMIZER ADDED SUBROUTINE, CALLED 3 TIMES, CODE SIZE REDUCTION:3 WORDS
                 SUBOPT_0x4:
00034b 85ad      	LDD  R26,Y+13
00034c 85be      	LDD  R27,Y+13+1
00034d 85ef      	LDD  R30,Y+15
00034e 89f8      	LDD  R31,Y+15+1
00034f 9509      	ICALL
000350 9508      	RET
                 
                 ;OPTIMIZER ADDED SUBROUTINE, CALLED 2 TIMES, CODE SIZE REDUCTION:4 WORDS
                 SUBOPT_0x5:
000351 89a8      	LDD  R26,Y+16
000352 89b9      	LDD  R27,Y+16+1
000353 9614      	ADIW R26,4
000354 940e 0381 	CALL __GETW1P
000356 83ee      	STD  Y+6,R30
000357 83ff      	STD  Y+6+1,R31
000358 81ae      	LDD  R26,Y+6
000359 81bf      	LDD  R27,Y+6+1
00035a 9508      	RET
                 
                 ;OPTIMIZER ADDED SUBROUTINE, CALLED 2 TIMES, CODE SIZE REDUCTION:2 WORDS
                 SUBOPT_0x6:
00035b 89a8      	LDD  R26,Y+16
00035c 89b9      	LDD  R27,Y+16+1
00035d 9614      	ADIW R26,4
00035e 940e 0381 	CALL __GETW1P
000360 87ea      	STD  Y+10,R30
000361 87fb      	STD  Y+10+1,R31
000362 9508      	RET
                 
                 ;OPTIMIZER ADDED SUBROUTINE, CALLED 2 TIMES, CODE SIZE REDUCTION:1 WORDS
                 SUBOPT_0x7:
000363 01de      	MOVW R26,R28
000364 961c      	ADIW R26,12
000365 940e 0374 	CALL __ADDW2R15
000367 940e 0381 	CALL __GETW1P
000369 9508      	RET
                 
                 
                 	.CSEG
                 _delay_ms:
00036a 9610      	adiw r26,0
00036b f039      	breq __delay_ms1
                 __delay_ms0:
00036c 95a8      	wdr
                +
00036d ef8a     +LDI R24 , LOW ( 0xFA )
00036e e090     +LDI R25 , HIGH ( 0xFA )
                +__DELAY_USW_LOOP :
00036f 9701     +SBIW R24 , 1
000370 f7f1     +BRNE __DELAY_USW_LOOP
                 	__DELAY_USW 0xFA
000371 9711      	sbiw r26,1
000372 f7c9      	brne __delay_ms0
                 __delay_ms1:
000373 9508      	ret
                 
                 __ADDW2R15:
000374 2400      	CLR  R0
000375 0daf      	ADD  R26,R15
000376 1db0      	ADC  R27,R0
000377 9508      	RET
                 
                 __ANEGW1:
000378 95f1      	NEG  R31
000379 95e1      	NEG  R30
00037a 40f0      	SBCI R31,0
00037b 9508      	RET
                 
                 __CWD1:
00037c 2f6f      	MOV  R22,R31
00037d 0f66      	ADD  R22,R22
00037e 0b66      	SBC  R22,R22
00037f 2f76      	MOV  R23,R22
000380 9508      	RET
                 
                 __GETW1P:
000381 91ed      	LD   R30,X+
000382 91fc      	LD   R31,X
000383 9711      	SBIW R26,1
000384 9508      	RET
                 
                 __GETW1PF:
000385 9005      	LPM  R0,Z+
000386 91f4      	LPM  R31,Z
000387 2de0      	MOV  R30,R0
000388 9508      	RET
                 
                 __PUTPARD1:
000389 937a      	ST   -Y,R23
00038a 936a      	ST   -Y,R22
00038b 93fa      	ST   -Y,R31
00038c 93ea      	ST   -Y,R30
00038d 9508      	RET
                 
                 __SAVELOCR6:
00038e 935a      	ST   -Y,R21
                 __SAVELOCR5:
00038f 934a      	ST   -Y,R20
                 __SAVELOCR4:
000390 933a      	ST   -Y,R19
                 __SAVELOCR3:
000391 932a      	ST   -Y,R18
                 __SAVELOCR2:
000392 931a      	ST   -Y,R17
000393 930a      	ST   -Y,R16
000394 9508      	RET
                 
                 __LOADLOCR6:
000395 815d      	LDD  R21,Y+5
                 __LOADLOCR5:
000396 814c      	LDD  R20,Y+4
                 __LOADLOCR4:
000397 813b      	LDD  R19,Y+3
                 __LOADLOCR3:
000398 812a      	LDD  R18,Y+2
                 __LOADLOCR2:
000399 8119      	LDD  R17,Y+1
00039a 8108      	LD   R16,Y
00039b 9508      	RET
                 
                 ;END OF CODE MARKER
                 __END_OF_CODE:


RESOURCE USE INFORMATION
------------------------

Notice:
The register and instruction counts are symbol table hit counts,
and hence implicitly used resources are not counted, eg, the
'lpm' instruction without operands implicitly uses r0 and z,
none of which are counted.

x,y,z are separate entities in the symbol table and are
counted separately from r26..r31 here.

.dseg memory usage only counts static data declared with .byte

ATmega16 register use summary:
r0 :  11 r1 :   1 r2 :   0 r3 :   0 r4 :   2 r5 :   1 r6 :   4 r7 :   4 
r8 :   0 r9 :   2 r10:   0 r11:   0 r12:   0 r13:   0 r14:   0 r15:   4 
r16:  34 r17:  27 r18:  29 r19:   8 r20:   9 r21:  17 r22:  11 r23:   2 
r24:  23 r25:   3 r26: 102 r27:  42 r28:  14 r29:   1 r30: 201 r31:  62 
x  :  23 y  : 172 z  :  16 
Registers used: 27 out of 35 (77.1%)

ATmega16 instruction use summary:
.lds  :   0 .lds.l:   0 .sts  :   0 .sts.l:   0 adc   :   1 add   :   4 
adiw  :  25 and   :   0 andi  :   6 asr   :   0 bclr  :   0 bld   :   0 
brbc  :   0 brbs  :   0 brcc  :   0 brcs  :   0 break :   0 breq  :  18 
brge  :   0 brhc  :   0 brhs  :   0 brid  :   0 brie  :   0 brlo  :   8 
brlt  :   0 brmi  :   1 brne  :  30 brpl  :   1 brsh  :   2 brtc  :   0 
brts  :   0 brvc  :   0 brvs  :   0 bset  :   0 bst   :   0 call  :  53 
cbi   :   5 cbr   :   0 clc   :   0 clh   :   0 cli   :   1 cln   :   0 
clr   :   8 cls   :   0 clt   :   0 clv   :   0 clz   :   0 com   :   0 
cp    :   4 cpc   :   2 cpi   :  34 cpse  :   0 dec   :   7 des   :   0 
eor   :   0 fmul  :   0 fmuls :   0 fmulsu:   0 icall :   2 ijmp  :   0 
in    :   3 inc   :   2 jmp   :  23 ld    :  25 ldd   :  79 ldi   :  98 
lds   :   0 lpm   :  16 lsl   :   0 lsr   :   0 mov   :  22 movw  :  15 
mul   :   1 muls  :   0 mulsu :   0 neg   :   2 nop   :   0 or    :   1 
ori   :   7 out   :  48 pop   :   1 push  :   1 rcall :  21 ret   :  26 
reti  :   0 rjmp  :  62 rol   :   0 ror   :   0 sbc   :   2 sbci  :   2 
sbi   :   5 sbic  :   0 sbis  :   1 sbiw  :  18 sbr   :   0 sbrc  :   2 
sbrs  :  10 sec   :   0 seh   :   0 sei   :   0 sen   :   0 ser   :   0 
ses   :   0 set   :   0 sev   :   0 sez   :   0 sleep :   0 spm   :   0 
st    :  61 std   :  33 sts   :   2 sub   :   1 subi  :  16 swap  :   1 
tst   :   4 wdr   :   1 
Instructions used: 53 out of 116 (45.7%)

ATmega16 memory use summary [bytes]:
Segment   Begin    End      Code   Data   Used    Size   Use%
---------------------------------------------------------------
[.cseg] 0x000000 0x000738   1798     50   1848   16384  11.3%
[.dseg] 0x000060 0x00016e      0     14     14    1024   1.4%
[.eseg] 0x000000 0x000000      0      0      0     512   0.0%

Assembly complete, 0 errors, 6 warnings
